  Player.cpp
C:\Users\aaron\Documents\GitHub\Zombie-Massacre\Zombie Massacre\Zombie Massacre\Player.cpp(8,13): warning C4244: '=': conversion from 'const float' to 'int', possible loss of data
C:\Users\aaron\Documents\GitHub\Zombie-Massacre\Zombie Massacre\Zombie Massacre\Player.cpp(9,16): warning C4244: '=': conversion from 'const float' to 'int', possible loss of data
C:\Users\aaron\Documents\GitHub\Zombie-Massacre\Zombie Massacre\Zombie Massacre\Player.cpp(26,29): warning C4244: '=': conversion from 'int' to 'T', possible loss of data
          with
          [
              T=float
          ]
C:\Users\aaron\Documents\GitHub\Zombie-Massacre\Zombie Massacre\Zombie Massacre\Player.cpp(27,30): warning C4244: '=': conversion from 'int' to 'T', possible loss of data
          with
          [
              T=float
          ]
C:\Users\aaron\Documents\GitHub\Zombie-Massacre\Zombie Massacre\Zombie Massacre\Player.cpp(147,13): warning C4244: '=': conversion from 'const float' to 'int', possible loss of data
Player.obj : error LNK2019: unresolved external symbol "__declspec(dllimport) public: __thiscall sf::Time::Time(void)" (__imp_??0Time@sf@@QAE@XZ) referenced in function "public: __thiscall Player::Player(void)" (??0Player@@QAE@XZ)
Player.obj : error LNK2019: unresolved external symbol "__declspec(dllimport) public: int __thiscall sf::Time::asMilliseconds(void)const " (__imp_?asMilliseconds@Time@sf@@QBEHXZ) referenced in function "public: bool __thiscall Player::hit(class sf::Time)" (?hit@Player@@QAE_NVTime@sf@@@Z)
Player.obj : error LNK2019: unresolved external symbol "__declspec(dllimport) public: __int64 __thiscall sf::Time::asMicroseconds(void)const " (__imp_?asMicroseconds@Time@sf@@QBE_JXZ) referenced in function "public: bool __thiscall Player::hit(class sf::Time)" (?hit@Player@@QAE_NVTime@sf@@@Z)
Player.obj : error LNK2019: unresolved external symbol "__declspec(dllimport) public: void __thiscall sf::Transformable::setOrigin(float,float)" (__imp_?setOrigin@Transformable@sf@@QAEXMM@Z) referenced in function "public: __thiscall Player::Player(void)" (??0Player@@QAE@XZ)
Player.obj : error LNK2019: unresolved external symbol "__declspec(dllimport) public: __thiscall sf::Texture::Texture(void)" (__imp_??0Texture@sf@@QAE@XZ) referenced in function "public: __thiscall Player::Player(void)" (??0Player@@QAE@XZ)
Player.obj : error LNK2019: unresolved external symbol "__declspec(dllimport) public: __thiscall sf::Texture::~Texture(void)" (__imp_??1Texture@sf@@QAE@XZ) referenced in function __unwindfunclet$??0Player@@QAE@XZ$1
Player.obj : error LNK2019: unresolved external symbol "__declspec(dllimport) public: bool __thiscall sf::Texture::loadFromFile(class std::basic_string<char,struct std::char_traits<char>,class std::allocator<char> > const &,class sf::Rect<int> const &)" (__imp_?loadFromFile@Texture@sf@@QAE_NABV?$basic_string@DU?$char_traits@D@std@@V?$allocator@D@2@@std@@ABV?$Rect@H@2@@Z) referenced in function "public: __thiscall Player::Player(void)" (??0Player@@QAE@XZ)
Player.obj : error LNK2019: unresolved external symbol "__declspec(dllimport) public: __thiscall sf::Sprite::Sprite(void)" (__imp_??0Sprite@sf@@QAE@XZ) referenced in function "public: __thiscall Player::Player(void)" (??0Player@@QAE@XZ)
Player.obj : error LNK2019: unresolved external symbol "__declspec(dllimport) public: void __thiscall sf::Sprite::setTexture(class sf::Texture const &,bool)" (__imp_?setTexture@Sprite@sf@@QAEXABVTexture@2@_N@Z) referenced in function "public: __thiscall Player::Player(void)" (??0Player@@QAE@XZ)
Player.obj : error LNK2019: unresolved external symbol "__declspec(dllimport) public: class sf::Rect<float> __thiscall sf::Sprite::getLocalBounds(void)const " (__imp_?getLocalBounds@Sprite@sf@@QBE?AV?$Rect@M@2@XZ) referenced in function "public: class sf::Rect<float> __thiscall Player::getPosition(void)" (?getPosition@Player@@QAE?AV?$Rect@M@sf@@XZ)
Player.obj : error LNK2019: unresolved external symbol "__declspec(dllimport) public: virtual __thiscall sf::Sprite::~Sprite(void)" (__imp_??1Sprite@sf@@UAE@XZ) referenced in function __unwindfunclet$??0Player@@QAE@XZ$0
C:\Users\aaron\Documents\GitHub\Zombie-Massacre\Zombie Massacre\Debug\Zombie Massacre.exe : fatal error LNK1120: 11 unresolved externals
